# JRE version: Java(TM) SE Runtime Environment (8.0_144-b01) (build 1.8.0_144-b01)
# Java VM: Java HotSpot(TM) 64-Bit Server VM (25.144-b01 mixed mode bsd-amd64 compressed oops)
Heap:
 PSYoungGen      total 154112K, used 153664K [0x0000000795580000, 0x00000007a2880000, 0x00000007c0000000)
  eden space 153600K, 100% used [0x0000000795580000,0x000000079eb80000,0x000000079eb80000)
  from space 512K, 12% used [0x00000007a2800000,0x00000007a2810000,0x00000007a2880000)
  to   space 14336K, 0% used [0x00000007a0c80000,0x00000007a0c80000,0x00000007a1a80000)
 ParOldGen       total 90112K, used 19700K [0x0000000740000000, 0x0000000745800000, 0x0000000795580000)
  object space 90112K, 21% used [0x0000000740000000,0x000000074133d388,0x0000000745800000)
 Metaspace       used 34340K, capacity 36540K, committed 36864K, reserved 1081344K
  class space    used 4647K, capacity 5030K, committed 5120K, reserved 1048576K
GC Heap History (10 events):
Event: 1480.931 GC heap before
{Heap before GC invocations=16 (full 5):
 PSYoungGen      total 173568K, used 124529K [0x0000000795580000, 0x00000007a0d80000, 0x00000007c0000000)
  eden space 158720K, 78% used [0x0000000795580000,0x000000079cf1c4c0,0x000000079f080000)
  from space 14848K, 0% used [0x000000079ff00000,0x000000079ff00000,0x00000007a0d80000)
  to   space 14848K, 0% used [0x000000079f080000,0x000000079f080000,0x000000079ff00000)
 ParOldGen       total 90112K, used 17535K [0x0000000740000000, 0x0000000745800000, 0x0000000795580000)
  object space 90112K, 19% used [0x0000000740000000,0x000000074111fdc8,0x0000000745800000)
 Metaspace       used 34236K, capacity 36274K, committed 36608K, reserved 1081344K
  class space    used 4630K, capacity 5004K, committed 5120K, reserved 1048576K
Event: 1481.051 GC heap after
Heap after GC invocations=16 (full 5):
 PSYoungGen      total 161280K, used 2512K [0x0000000795580000, 0x00000007a0c80000, 0x00000007c0000000)
  eden space 158720K, 0% used [0x0000000795580000,0x0000000795580000,0x000000079f080000)
  from space 2560K, 98% used [0x000000079f080000,0x000000079f2f4298,0x000000079f300000)
  to   space 14336K, 0% used [0x000000079fe80000,0x000000079fe80000,0x00000007a0c80000)
 ParOldGen       total 90112K, used 17543K [0x0000000740000000, 0x0000000745800000, 0x0000000795580000)
  object space 90112K, 19% used [0x0000000740000000,0x0000000741121dc8,0x0000000745800000)
 Metaspace       used 34236K, capacity 36274K, committed 36608K, reserved 1081344K
  class space    used 4630K, capacity 5004K, committed 5120K, reserved 1048576K
}
Event: 1481.051 GC heap before
{Heap before GC invocations=17 (full 6):
 PSYoungGen      total 161280K, used 2512K [0x0000000795580000, 0x00000007a0c80000, 0x00000007c0000000)
  eden space 158720K, 0% used [0x0000000795580000,0x0000000795580000,0x000000079f080000)
  from space 2560K, 98% used [0x000000079f080000,0x000000079f2f4298,0x000000079f300000)
  to   space 14336K, 0% used [0x000000079fe80000,0x000000079fe80000,0x00000007a0c80000)
 ParOldGen       total 90112K, used 17543K [0x0000000740000000, 0x0000000745800000, 0x0000000795580000)
  object space 90112K, 19% used [0x0000000740000000,0x0000000741121dc8,0x0000000745800000)
 Metaspace       used 34236K, capacity 36274K, committed 36608K, reserved 1081344K
  class space    used 4630K, capacity 5004K, committed 5120K, reserved 1048576K
Event: 1481.344 GC heap after
Heap after GC invocations=17 (full 6):
 PSYoungGen      total 161280K, used 0K [0x0000000795580000, 0x00000007a0c80000, 0x00000007c0000000)
  eden space 158720K, 0% used [0x0000000795580000,0x0000000795580000,0x000000079f080000)
  from space 2560K, 0% used [0x000000079f080000,0x000000079f080000,0x000000079f300000)
  to   space 14336K, 0% used [0x000000079fe80000,0x000000079fe80000,0x00000007a0c80000)
 ParOldGen       total 90112K, used 17621K [0x0000000740000000, 0x0000000745800000, 0x0000000795580000)
  object space 90112K, 19% used [0x0000000740000000,0x0000000741135798,0x0000000745800000)
 Metaspace       used 34233K, capacity 36268K, committed 36608K, reserved 1081344K
  class space    used 4629K, capacity 5002K, committed 5120K, reserved 1048576K
}
Event: 2635.576 GC heap before
{Heap before GC invocations=18 (full 6):
 PSYoungGen      total 161280K, used 158720K [0x0000000795580000, 0x00000007a0c80000, 0x00000007c0000000)
  eden space 158720K, 100% used [0x0000000795580000,0x000000079f080000,0x000000079f080000)
  from space 2560K, 0% used [0x000000079f080000,0x000000079f080000,0x000000079f300000)
  to   space 14336K, 0% used [0x000000079fe80000,0x000000079fe80000,0x00000007a0c80000)
 ParOldGen       total 90112K, used 17621K [0x0000000740000000, 0x0000000745800000, 0x0000000795580000)
  object space 90112K, 19% used [0x0000000740000000,0x0000000741135798,0x0000000745800000)
 Metaspace       used 34332K, capacity 36476K, committed 36608K, reserved 1081344K
  class space    used 4647K, capacity 5030K, committed 5120K, reserved 1048576K
Event: 2635.615 GC heap after
Heap after GC invocations=18 (full 6):
 PSYoungGen      total 173056K, used 2768K [0x0000000795580000, 0x00000007a5c80000, 0x00000007c0000000)
  eden space 158720K, 0% used [0x0000000795580000,0x0000000795580000,0x000000079f080000)
  from space 14336K, 19% used [0x000000079fe80000,0x00000007a0134298,0x00000007a0c80000)
  to   space 14336K, 0% used [0x000000079f080000,0x000000079f080000,0x000000079fe80000)
 ParOldGen       total 90112K, used 17629K [0x0000000740000000, 0x0000000745800000, 0x0000000795580000)
  object space 90112K, 19% used [0x0000000740000000,0x0000000741137798,0x0000000745800000)
 Metaspace       used 34332K, capacity 36476K, committed 36608K, reserved 1081344K
  class space    used 4647K, capacity 5030K, committed 5120K, reserved 1048576K
}
Event: 4385.251 GC heap before
{Heap before GC invocations=19 (full 6):
 PSYoungGen      total 173056K, used 161488K [0x0000000795580000, 0x00000007a5c80000, 0x00000007c0000000)
  eden space 158720K, 100% used [0x0000000795580000,0x000000079f080000,0x000000079f080000)
  from space 14336K, 19% used [0x000000079fe80000,0x00000007a0134298,0x00000007a0c80000)
  to   space 14336K, 0% used [0x000000079f080000,0x000000079f080000,0x000000079fe80000)
 ParOldGen       total 90112K, used 17629K [0x0000000740000000, 0x0000000745800000, 0x0000000795580000)
  object space 90112K, 19% used [0x0000000740000000,0x0000000741137798,0x0000000745800000)
 Metaspace       used 34332K, capacity 36476K, committed 36608K, reserved 1081344K
  class space    used 4647K, capacity 5030K, committed 5120K, reserved 1048576K
Event: 4385.405 GC heap after
Heap after GC invocations=19 (full 6):
 PSYoungGen      total 173056K, used 32K [0x0000000795580000, 0x00000007a3600000, 0x00000007c0000000)
  eden space 158720K, 0% used [0x0000000795580000,0x0000000795580000,0x000000079f080000)
  from space 14336K, 0% used [0x000000079f080000,0x000000079f088000,0x000000079fe80000)
  to   space 14336K, 0% used [0x00000007a2800000,0x00000007a2800000,0x00000007a3600000)
 ParOldGen       total 90112K, used 19692K [0x0000000740000000, 0x0000000745800000, 0x0000000795580000)
  object space 90112K, 21% used [0x0000000740000000,0x000000074133b388,0x0000000745800000)
 Metaspace       used 34332K, capacity 36476K, committed 36608K, reserved 1081344K
  class space    used 4647K, capacity 5030K, committed 5120K, reserved 1048576K
}
Event: 6137.684 GC heap before
{Heap before GC invocations=20 (full 6):
 PSYoungGen      total 173056K, used 158752K [0x0000000795580000, 0x00000007a3600000, 0x00000007c0000000)
  eden space 158720K, 100% used [0x0000000795580000,0x000000079f080000,0x000000079f080000)
  from space 14336K, 0% used [0x000000079f080000,0x000000079f088000,0x000000079fe80000)
  to   space 14336K, 0% used [0x00000007a2800000,0x00000007a2800000,0x00000007a3600000)
 ParOldGen       total 90112K, used 19692K [0x0000000740000000, 0x0000000745800000, 0x0000000795580000)
  object space 90112K, 21% used [0x0000000740000000,0x000000074133b388,0x0000000745800000)
 Metaspace       used 34340K, capacity 36540K, committed 36864K, reserved 1081344K
  class space    used 4647K, capacity 5030K, committed 5120K, reserved 1048576K
Event: 6137.755 GC heap after
Heap after GC invocations=20 (full 6):
 PSYoungGen      total 154112K, used 64K [0x0000000795580000, 0x00000007a2880000, 0x00000007c0000000)
  eden space 153600K, 0% used [0x0000000795580000,0x0000000795580000,0x000000079eb80000)
  from space 512K, 12% used [0x00000007a2800000,0x00000007a2810000,0x00000007a2880000)
  to   space 14336K, 0% used [0x00000007a0c80000,0x00000007a0c80000,0x00000007a1a80000)
 ParOldGen       total 90112K, used 19700K [0x0000000740000000, 0x0000000745800000, 0x0000000795580000)
  object space 90112K, 21% used [0x0000000740000000,0x000000074133d388,0x0000000745800000)
 Metaspace       used 34340K, capacity 36540K, committed 36864K, reserved 1081344K
  class space    used 4647K, capacity 5030K, committed 5120K, reserved 1048576K
}

